<?xml version="1.0" encoding="UTF-8"?>
<!-- Generated by org.testng.reporters.JUnitReportReporter -->
<testsuite hostname="David_Wei" name="com.mm.android.lc.test11" tests="1" failures="0" timestamp="11 Apr 2015 14:49:50 GMT" time="0.030" errors="0">
  <testcase name="testStringFilter" time="0.030" classname="com.mm.android.lc.test11"/>
</testsuite> <!-- com.mm.android.lc.test11 -->
