<?xml version="1.0" encoding="UTF-8"?>
<!-- Generated by org.testng.reporters.JUnitReportReporter -->
<testsuite hostname="David_Wei" name="com.mm.android.lc.testStatic" tests="5" failures="0" timestamp="12 Apr 2015 09:26:37 GMT" time="0.043" errors="0">
  <testcase name="test0005" time="0.002" classname="com.mm.android.lc.testStatic"/>
  <testcase name="test0002" time="0.005" classname="com.mm.android.lc.testStatic"/>
  <testcase name="test0004" time="0.002" classname="com.mm.android.lc.testStatic"/>
  <testcase name="test0001" time="0.032" classname="com.mm.android.lc.testStatic"/>
  <testcase name="test0003" time="0.002" classname="com.mm.android.lc.testStatic"/>
</testsuite> <!-- com.mm.android.lc.testStatic -->
