<?xml version="1.0" encoding="UTF-8"?>
<!-- Generated by org.testng.reporters.JUnitReportReporter -->
<testsuite hostname="David_Wei" name="com.mm.android.lc.LeChangeTest" tests="3" failures="0" timestamp="12 Apr 2015 06:47:32 GMT" time="158.141" errors="0">
  <testcase name="test000_loginFromDataProvider" time="36.450" classname="com.mm.android.lc.LeChangeTest"/>
  <testcase name="test000_loginFromDataProvider" time="57.382" classname="com.mm.android.lc.LeChangeTest"/>
  <testcase name="test000_loginFromDataProvider" time="64.309" classname="com.mm.android.lc.LeChangeTest"/>
</testsuite> <!-- com.mm.android.lc.LeChangeTest -->
